Using pre-set license
Built from '2020.3/staging' branch; Version is '2020.3.14f1 (d0d1bb862f9d) revision 13685179'; Using compiler version '192528614'; Build Type 'Release'
OS: 'Windows 10 Home; OS build 19043.1348; Version 2009; 64bit' Language: 'es' Physical Memory: 16151 MB
BatchMode: 1, IsHumanControllingUs: 0, StartBugReporterOnCrash: 0, Is64bit: 1, IsPro: 0

 COMMAND LINE ARGUMENTS:
C:\Program Files\Unity\Hub\Editor\2020.3.14f1\Editor\Unity.exe
-adb2
-batchMode
-noUpm
-name
AssetImportWorker0
-projectPath
D:/Juego/PruebasJuego/Juego
-logFile
Logs/AssetImportWorker0.log
-srvPort
51084
Successfully changed project path to: D:/Juego/PruebasJuego/Juego
D:/Juego/PruebasJuego/Juego
Using Asset Import Pipeline V2.
Refreshing native plugins compatible for Editor in 26.48 ms, found 2 plugins.
Preloading 0 native plugins for Editor in 0.00 ms.
Initialize engine version: 2020.3.14f1 (d0d1bb862f9d)
[Subsystems] Discovering subsystems at path C:/Program Files/Unity/Hub/Editor/2020.3.14f1/Editor/Data/Resources/UnitySubsystems
[Subsystems] Discovering subsystems at path D:/Juego/PruebasJuego/Juego/Assets
GfxDevice: creating device client; threaded=0
Direct3D:
    Version:  Direct3D 11.0 [level 11.1]
    Renderer: NVIDIA GeForce MX230 (ID=0x1d11)
    Vendor:   
    VRAM:     1984 MB
    Driver:   27.21.14.6231
Initialize mono
Mono path[0] = 'C:/Program Files/Unity/Hub/Editor/2020.3.14f1/Editor/Data/Managed'
Mono path[1] = 'C:/Program Files/Unity/Hub/Editor/2020.3.14f1/Editor/Data/MonoBleedingEdge/lib/mono/unityjit'
Mono config path = 'C:/Program Files/Unity/Hub/Editor/2020.3.14f1/Editor/Data/MonoBleedingEdge/etc'
Using monoOptions --debugger-agent=transport=dt_socket,embedding=1,server=y,suspend=n,address=127.0.0.1:56428
Begin MonoManager ReloadAssembly
Registering precompiled unity dll's ...
Register platform support module: C:/Program Files/Unity/Hub/Editor/2020.3.14f1/Editor/Data/PlaybackEngines/WindowsStandaloneSupport/UnityEditor.WindowsStandalone.Extensions.dll
Registered in 0.001997 seconds.
Native extension for WindowsStandalone target not found
Refreshing native plugins compatible for Editor in 26.55 ms, found 2 plugins.
Preloading 0 native plugins for Editor in 0.00 ms.
Mono: successfully reloaded assembly
- Completed reload, in  2.549 seconds
Domain Reload Profiling:
	ReloadAssembly (2549ms)
		BeginReloadAssembly (64ms)
			ExecutionOrderSort (0ms)
			DisableScriptedObjects (0ms)
			BackupInstance (0ms)
			ReleaseScriptingObjects (0ms)
			CreateAndSetChildDomain (1ms)
		EndReloadAssembly (501ms)
			LoadAssemblies (61ms)
			RebuildTransferFunctionScriptingTraits (0ms)
			SetupTypeCache (159ms)
			ReleaseScriptCaches (0ms)
			RebuildScriptCaches (45ms)
			SetupLoadedEditorAssemblies (206ms)
				LogAssemblyErrors (0ms)
				InitializePlatformSupportModulesInManaged (4ms)
				SetLoadedEditorAssemblies (0ms)
				RefreshPlugins (27ms)
				BeforeProcessingInitializeOnLoad (16ms)
				ProcessInitializeOnLoadAttributes (121ms)
				ProcessInitializeOnLoadMethodAttributes (38ms)
				AfterProcessingInitializeOnLoad (0ms)
				EditorAssembliesLoaded (0ms)
			ExecutionOrderSort2 (0ms)
			AwakeInstancesAfterBackupRestoration (0ms)
Platform modules already initialized, skipping
Registering precompiled user dll's ...
Registered in 0.002093 seconds.
Begin MonoManager ReloadAssembly
Native extension for WindowsStandalone target not found
Refreshing native plugins compatible for Editor in 0.31 ms, found 2 plugins.
Preloading 0 native plugins for Editor in 0.00 ms.
Mono: successfully reloaded assembly
- Completed reload, in  1.290 seconds
Domain Reload Profiling:
	ReloadAssembly (1290ms)
		BeginReloadAssembly (152ms)
			ExecutionOrderSort (0ms)
			DisableScriptedObjects (5ms)
			BackupInstance (0ms)
			ReleaseScriptingObjects (0ms)
			CreateAndSetChildDomain (19ms)
		EndReloadAssembly (1071ms)
			LoadAssemblies (93ms)
			RebuildTransferFunctionScriptingTraits (0ms)
			SetupTypeCache (327ms)
			ReleaseScriptCaches (0ms)
			RebuildScriptCaches (65ms)
			SetupLoadedEditorAssemblies (467ms)
				LogAssemblyErrors (0ms)
				InitializePlatformSupportModulesInManaged (7ms)
				SetLoadedEditorAssemblies (0ms)
				RefreshPlugins (0ms)
				BeforeProcessingInitializeOnLoad (146ms)
				ProcessInitializeOnLoadAttributes (305ms)
				ProcessInitializeOnLoadMethodAttributes (4ms)
				AfterProcessingInitializeOnLoad (5ms)
				EditorAssembliesLoaded (0ms)
			ExecutionOrderSort2 (0ms)
			AwakeInstancesAfterBackupRestoration (9ms)
Platform modules already initialized, skipping
========================================================================
Worker process is ready to serve import requests
Launched and connected shader compiler UnityShaderCompiler.exe after 0.06 seconds
Refreshing native plugins compatible for Editor in 0.47 ms, found 2 plugins.
Preloading 0 native plugins for Editor in 0.00 ms.
Unloading 1392 Unused Serialized files (Serialized files now loaded: 0)
System memory in use before: 77.3 MB.
System memory in use after: 77.3 MB.

Unloading 19 unused Assets to reduce memory usage. Loaded Objects now: 1842.
Total: 1.923100 ms (FindLiveObjects: 0.134800 ms CreateObjectMapping: 0.044600 ms MarkObjects: 1.644600 ms  DeleteObjects: 0.097900 ms)

AssetImportParameters requested are different than current active one (requested -> active):
  custom:framework-win-MediaFoundation: 216162199b28c13a410421893ffa2e32 -> 
  custom:video-decoder-ogg-theora: a1e56fd34408186e4bbccfd4996cb3dc -> 
  custom:container-muxer-webm: aa71ff27fc2769a1b78a27578f13a17b -> 
  custom:container-demuxer-webm: 4f35f7cbe854078d1ac9338744f61a02 -> 
  custom:container-demuxer-ogg: 62fdf1f143b41e24485cea50d1cbac27 -> 
  custom:video-encoder-webm-vp8: eb34c28f22e8b96e1ab97ce403110664 -> 
  custom:video-decoder-webm-vp8: 9c59270c3fd7afecdb556c50c9e8de78 -> 
  custom:audio-decoder-ogg-vorbis: bf7c407c2cedff20999df2af8eb42d56 -> 
  custom:audio-encoder-webm-vorbis: bf7c407c2cedff20999df2af8eb42d56 -> 
========================================================================
Received Import Request.
  path: Assets/Modelos/Nivel 1
  artifactKey: Guid(7d061bf4aff58d442bee13054e6eb34d) Importer(815301076,1909f56bfc062723c751e8b465ee728b)
Start importing Assets/Modelos/Nivel 1 using Guid(7d061bf4aff58d442bee13054e6eb34d) Importer(815301076,1909f56bfc062723c751e8b465ee728b)  -> (artifact id: '5cc41bb14586a0ed94bb22d2c5bbcb9f') in 0.016671 seconds 
  Import took 0.020451 seconds .

========================================================================
Received Import Request.
  Time since last request: 79.615512 seconds.
  path: Assets/Modelos/Nivel 1/Bridge.fbx
  artifactKey: Guid(96aef0ad8b799f84d822d285c820fca3) Importer(815301076,1909f56bfc062723c751e8b465ee728b)
Start importing Assets/Modelos/Nivel 1/Bridge.fbx using Guid(96aef0ad8b799f84d822d285c820fca3) Importer(815301076,1909f56bfc062723c751e8b465ee728b)  -> (artifact id: '35d8de687e6c2e7726471c445dd1bacf') in 0.225016 seconds 
  Import took 0.230088 seconds .

========================================================================
Received Import Request.
  Time since last request: 0.000479 seconds.
  path: Assets/Modelos/Nivel 1/Flowers.fbx
  artifactKey: Guid(0e7ec000a845ea94ab60644c167a9629) Importer(815301076,1909f56bfc062723c751e8b465ee728b)
Start importing Assets/Modelos/Nivel 1/Flowers.fbx using Guid(0e7ec000a845ea94ab60644c167a9629) Importer(815301076,1909f56bfc062723c751e8b465ee728b)  -> (artifact id: '89d6512478ed0b99ac7773f4a47f0fe8') in 0.045996 seconds 
  Import took 0.049768 seconds .

========================================================================
Received Import Request.
  Time since last request: 0.000781 seconds.
  path: Assets/Modelos/Nivel 1/Portal.fbx
  artifactKey: Guid(af973c5fc4e32664fb97349dfc921073) Importer(815301076,1909f56bfc062723c751e8b465ee728b)
Start importing Assets/Modelos/Nivel 1/Portal.fbx using Guid(af973c5fc4e32664fb97349dfc921073) Importer(815301076,1909f56bfc062723c751e8b465ee728b)  -> (artifact id: '8391c41541e49471787637dadd74253e') in 0.038087 seconds 
  Import took 0.041943 seconds .

========================================================================
Received Import Request.
  Time since last request: 0.000838 seconds.
  path: Assets/Modelos/Nivel 1/Portal.fbx
  artifactKey: Guid(af973c5fc4e32664fb97349dfc921073) Importer(815301076,1909f56bfc062723c751e8b465ee728b)
Start importing Assets/Modelos/Nivel 1/Portal.fbx using Guid(af973c5fc4e32664fb97349dfc921073) Importer(815301076,1909f56bfc062723c751e8b465ee728b)  -> (artifact id: '8391c41541e49471787637dadd74253e') in 0.037928 seconds 
  Import took 0.041928 seconds .

========================================================================
Received Import Request.
  Time since last request: 121.817026 seconds.
  path: Assets/Modelos/Nivel 1/plants.fbx
  artifactKey: Guid(bb44a503d0ac8df49afa312f75fd0033) Importer(815301076,1909f56bfc062723c751e8b465ee728b)
Start importing Assets/Modelos/Nivel 1/plants.fbx using Guid(bb44a503d0ac8df49afa312f75fd0033) Importer(815301076,1909f56bfc062723c751e8b465ee728b)  -> (artifact id: 'd9f911948b29bf9c519c919218ed1c94') in 0.073265 seconds 
  Import took 0.092844 seconds .

========================================================================
Received Import Request.
  Time since last request: 0.000237 seconds.
  path: Assets/Modelos/Nivel 1/Platform level 1.fbx
  artifactKey: Guid(70f8a3d419119fc48b01b310f7357e45) Importer(815301076,1909f56bfc062723c751e8b465ee728b)
Start importing Assets/Modelos/Nivel 1/Platform level 1.fbx using Guid(70f8a3d419119fc48b01b310f7357e45) Importer(815301076,1909f56bfc062723c751e8b465ee728b)  -> (artifact id: '728c770abb33034c9c178815d55bc493') in 0.105807 seconds 
  Import took 0.109281 seconds .

========================================================================
Received Import Request.
  Time since last request: 0.000400 seconds.
  path: Assets/Modelos/Nivel 1/plants.fbx
  artifactKey: Guid(bb44a503d0ac8df49afa312f75fd0033) Importer(815301076,1909f56bfc062723c751e8b465ee728b)
Start importing Assets/Modelos/Nivel 1/plants.fbx using Guid(bb44a503d0ac8df49afa312f75fd0033) Importer(815301076,1909f56bfc062723c751e8b465ee728b)  -> (artifact id: 'd9f911948b29bf9c519c919218ed1c94') in 0.045986 seconds 
  Import took 0.049409 seconds .

========================================================================
Received Import Request.
  Time since last request: 0.000392 seconds.
  path: Assets/Modelos/Nivel 1/Rock.fbx
  artifactKey: Guid(e7f00b755afb3df4c91e9508500a9ca2) Importer(815301076,1909f56bfc062723c751e8b465ee728b)
Start importing Assets/Modelos/Nivel 1/Rock.fbx using Guid(e7f00b755afb3df4c91e9508500a9ca2) Importer(815301076,1909f56bfc062723c751e8b465ee728b)  -> (artifact id: '3979d50e7218c8879484b61c4667f95c') in 0.038865 seconds 
  Import took 0.056432 seconds .

========================================================================
Received Import Request.
  Time since last request: 0.000394 seconds.
  path: Assets/Modelos/Nivel 1/RotateCylinder.fbx
  artifactKey: Guid(3f43afa0b185e2d4ea45f7cd0c955e2a) Importer(815301076,1909f56bfc062723c751e8b465ee728b)
Start importing Assets/Modelos/Nivel 1/RotateCylinder.fbx using Guid(3f43afa0b185e2d4ea45f7cd0c955e2a) Importer(815301076,1909f56bfc062723c751e8b465ee728b)  -> (artifact id: '570ff4d5a8fa5c80f79007872e2ab143') in 0.042367 seconds 
  Import took 0.047080 seconds .

========================================================================
Received Import Request.
  Time since last request: 0.003940 seconds.
  path: Assets/Modelos/Nivel 1/RotateCylinder.fbx
  artifactKey: Guid(3f43afa0b185e2d4ea45f7cd0c955e2a) Importer(815301076,1909f56bfc062723c751e8b465ee728b)
Start importing Assets/Modelos/Nivel 1/RotateCylinder.fbx using Guid(3f43afa0b185e2d4ea45f7cd0c955e2a) Importer(815301076,1909f56bfc062723c751e8b465ee728b)  -> (artifact id: '570ff4d5a8fa5c80f79007872e2ab143') in 0.036738 seconds 
  Import took 0.040186 seconds .

